0 verbose cli /home/zookeeper/.nvm/versions/node/v20.17.0/bin/node /home/zookeeper/.nvm/versions/node/v20.17.0/bin/npm
1 info using npm@11.5.2
2 info using node@v20.17.0
3 silly config load:file:/home/zookeeper/.nvm/versions/node/v20.17.0/lib/node_modules/npm/npmrc
4 silly config load:file:/home/zookeeper/code/UmutAkturk14/Repositories/Projects/Quokka/QuokkaJS/.npmrc
5 silly config load:file:/home/zookeeper/.npmrc
6 silly config load:file:/home/zookeeper/.nvm/versions/node/v20.17.0/etc/npmrc
7 verbose title npm pack
8 verbose argv "pack" "--dry-run" "--loglevel" "verbose"
9 verbose logfile logs-max:10 dir:/home/zookeeper/code/UmutAkturk14/Repositories/Projects/Quokka/QuokkaJS/.npm-cache/_logs/2025-11-28T12_57_20_618Z-
10 verbose logfile /home/zookeeper/code/UmutAkturk14/Repositories/Projects/Quokka/QuokkaJS/.npm-cache/_logs/2025-11-28T12_57_20_618Z-debug-0.log
11 silly logfile done cleaning log files
12 http fetch GET https://registry.npmjs.org/npm attempt 1 failed with ENOTFOUND
13 silly packumentCache heap:4345298944 maxSize:1086324736 maxEntrySize:543162368
14 notice
15 notice 📦  quokka-js@0.1.0
16 notice Tarball Contents
17 notice 1.1kB LICENSE
17 notice 4.2kB README.md
17 notice 12.1kB dist/main.d.ts
17 notice 57.8kB dist/quokka.cjs.js
17 notice 57.7kB dist/quokka.es.js
17 notice 64.3kB dist/quokka.iife.js
17 notice 1.5kB package.json
18 notice Tarball Details
19 notice name: quokka-js
20 notice version: 0.1.0
21 notice filename: quokka-js-0.1.0.tgz
22 notice package size: 42.0 kB
23 notice unpacked size: 198.8 kB
24 notice shasum: 5ddb65e95a84e793551be6f769a98c4af6711add
25 notice integrity: sha512-k+s1yDLfm9iA3[...]PbrDYoHjg7m4A==
26 notice total files: 7
27 notice
28 verbose cwd /home/zookeeper/code/UmutAkturk14/Repositories/Projects/Quokka/QuokkaJS
29 verbose os Linux 6.14.0-36-generic
30 verbose node v20.17.0
31 verbose npm  v11.5.2
32 verbose exit 0
33 info ok
